<?xml version="1.0" encoding="UTF-8"?>
<testsuite name="SampleThreadTest" tests="1" skipped="0" failures="0" errors="0" timestamp="2021-09-30T15:26:54" hostname="Lionels-MacBook-Air.local" time="0.051">
  <properties/>
  <testcase name="givenRangeOfLongs_whenSummedInParallel_thenShouldBeEqualToExpectedTotal()" classname="SampleThreadTest" time="0.051"/>
  <system-out><![CDATA[]]></system-out>
  <system-err><![CDATA[]]></system-err>
</testsuite>
