<?xml version="1.0" encoding="UTF-8"?>
<testsuite name="HelloWorldTest" tests="1" skipped="0" failures="0" errors="0" timestamp="2021-10-19T13:57:53" hostname="Lionels-Air.lan" time="0.014">
  <properties/>
  <testcase name="customHelloTest()" classname="HelloWorldTest" time="0.014"/>
  <system-out><![CDATA[]]></system-out>
  <system-err><![CDATA[]]></system-err>
</testsuite>
