<?xml version="1.0" encoding="UTF-8"?>
<testsuite name="GenericMethodPracticeTest" tests="1" skipped="0" failures="0" errors="0" timestamp="2021-09-27T14:24:24" hostname="Lionels-Air.lan" time="0.011">
  <properties/>
  <testcase name="fromArrayToListTG()" classname="GenericMethodPracticeTest" time="0.011"/>
  <system-out><![CDATA[]]></system-out>
  <system-err><![CDATA[]]></system-err>
</testsuite>
